[debug] [2020-05-28T17:11:06.230Z] ----------------------------------------------------------------------
[debug] [2020-05-28T17:11:06.231Z] Command:       /usr/local/bin/node /usr/local/bin/firebase serve
[debug] [2020-05-28T17:11:06.231Z] CLI Version:   7.15.0
[debug] [2020-05-28T17:11:06.231Z] Platform:      darwin
[debug] [2020-05-28T17:11:06.231Z] Node Version:  v12.16.1
[debug] [2020-05-28T17:11:06.235Z] Time:          Thu May 28 2020 18:11:06 GMT+0100 (British Summer Time)
[debug] [2020-05-28T17:11:06.235Z] ----------------------------------------------------------------------
[debug] [2020-05-28T17:11:06.235Z] 
[debug] [2020-05-28T17:11:06.245Z] > command requires scopes: ["email","openid","https://www.googleapis.com/auth/cloudplatformprojects.readonly","https://www.googleapis.com/auth/firebase","https://www.googleapis.com/auth/cloud-platform"]
[debug] [2020-05-28T17:11:06.246Z] > authorizing via signed-in user
[debug] [2020-05-28T17:11:06.246Z] [iam] checking project tippirose-london for permissions ["firebase.projects.get"]
[debug] [2020-05-28T17:11:06.247Z] > refreshing access token with scopes: ["email","https://www.googleapis.com/auth/cloud-platform","https://www.googleapis.com/auth/cloudplatformprojects.readonly","https://www.googleapis.com/auth/firebase","openid"]
[debug] [2020-05-28T17:11:06.247Z] >>> HTTP REQUEST POST https://www.googleapis.com/oauth2/v3/token  
 <request body omitted>
[debug] [2020-05-28T17:11:06.358Z] <<< HTTP RESPONSE 200
[debug] [2020-05-28T17:11:06.601Z] >>> HTTP REQUEST POST https://cloudresourcemanager.googleapis.com/v1/projects/tippirose-london:testIamPermissions  

[debug] [2020-05-28T17:11:07.280Z] <<< HTTP RESPONSE 200
[debug] [2020-05-28T17:11:07.281Z] >>> HTTP REQUEST GET https://firebase.googleapis.com/v1beta1/projects/tippirose-london  
 
[debug] [2020-05-28T17:11:07.570Z] <<< HTTP RESPONSE 200
[info] 
[info] === Serving from '/Users/bardiasuny/Coding/tippirose-complete/tippirose/tippirose-app'...
[info] 
[debug] [2020-05-28T17:11:07.572Z] >>> HTTP REQUEST GET https://firebase.googleapis.com/v1beta1/projects/tippirose-london/webApps/-/config  
 
[warn] ⚠  Your requested "node" version "8" doesn't match your global version "12"
[info] ✔  functions: functions emulator started at http://localhost:5001
[debug] [2020-05-28T17:11:08.270Z] <<< HTTP RESPONSE 200
[info] i  functions: Watching "/Users/bardiasuny/Coding/tippirose-complete/tippirose/tippirose-app/functions" for Cloud Functions...
[debug] [2020-05-28T17:11:08.346Z] [worker-pool] addWorker(~diagnostic~)
[debug] [2020-05-28T17:11:08.347Z] [worker-pool] Adding worker with key ~diagnostic~, total=1
[debug] [2020-05-28T17:11:08.347Z] [worker-pool] submitWork(triggerId=)
[debug] [2020-05-28T17:11:08.347Z] [worker-~diagnostic~-4a1d9d73-209f-4cb1-9641-6100c27dc878]: Assigning socketPath: /var/folders/cm/d6y_44792854z1r87szwb0x80000gn/T/fire_emu_23325.sock
[debug] [2020-05-28T17:11:08.347Z] [worker-~diagnostic~-4a1d9d73-209f-4cb1-9641-6100c27dc878]: BUSY
[info] i  hosting: Serving hosting files from: build
[info] ✔  hosting: Local server: http://localhost:5000
[debug] [2020-05-28T17:11:08.565Z] [runtime-status] [23325] Functions runtime initialized. {"cwd":"/Users/bardiasuny/Coding/tippirose-complete/tippirose/tippirose-app/functions","node_version":"12.16.1"}
[debug] [2020-05-28T17:11:08.566Z] [runtime-status] [23325] Disabled runtime features: {"functions_config_helper":true,"network_filtering":true,"timeout":true,"memory_limiting":true,"admin_stubs":true,"pubsub_emulator":true}
[debug] [2020-05-28T17:11:08.568Z] [runtime-status] [23325] Resolved module firebase-admin {"declared":true,"installed":true,"version":"8.10.0","resolution":"/Users/bardiasuny/Coding/tippirose-complete/tippirose/tippirose-app/node_modules/firebase-admin/lib/index.js"}
[debug] [2020-05-28T17:11:08.569Z] [runtime-status] [23325] Resolved module firebase-functions {"declared":true,"installed":true,"version":"3.3.0","resolution":"/Users/bardiasuny/Coding/tippirose-complete/tippirose/tippirose-app/node_modules/firebase-functions/lib/index.js"}
[debug] [2020-05-28T17:11:08.570Z] [runtime-status] [23325] Resolved module firebase-functions {"declared":true,"installed":true,"version":"3.3.0","resolution":"/Users/bardiasuny/Coding/tippirose-complete/tippirose/tippirose-app/node_modules/firebase-functions/lib/index.js"}
[info] ✔  functions[app]: http function initialized (http://localhost:5001/tippirose-london/us-central1/app).
[debug] [2020-05-28T17:11:08.981Z] [worker-~diagnostic~-4a1d9d73-209f-4cb1-9641-6100c27dc878]: IDLE
[debug] [2020-05-28T20:01:46.599Z] [work-queue] {"queueLength":1,"workRunningCount":0}
[debug] [2020-05-28T20:01:46.603Z] [work-queue] {"queueLength":0,"workRunningCount":1}
[debug] [2020-05-28T20:01:46.605Z] Accepted request GET /tippirose-london/us-central1/app/babel/parser/lib/index.js --> app
[debug] [2020-05-28T20:01:46.622Z] [worker-pool] addWorker(app)
[debug] [2020-05-28T20:01:46.622Z] [worker-pool] Adding worker with key app, total=1
[debug] [2020-05-28T20:01:46.622Z] [worker-pool] submitWork(triggerId=app)
[debug] [2020-05-28T20:01:46.622Z] [worker-app-e6b67db8-7d29-4e10-bada-075960c876e9]: Assigning socketPath: /var/folders/cm/d6y_44792854z1r87szwb0x80000gn/T/fire_emu_25483.sock
[debug] [2020-05-28T20:01:46.623Z] [worker-app-e6b67db8-7d29-4e10-bada-075960c876e9]: BUSY
[debug] [2020-05-28T20:01:47.116Z] [runtime-status] [25483] Functions runtime initialized. {"cwd":"/Users/bardiasuny/Coding/tippirose-complete/tippirose/tippirose-app/functions","node_version":"12.16.1"}
[debug] [2020-05-28T20:01:47.116Z] [runtime-status] [25483] Disabled runtime features: {"functions_config_helper":true,"network_filtering":true,"timeout":true,"memory_limiting":true,"admin_stubs":true,"pubsub_emulator":true}
[debug] [2020-05-28T20:01:47.121Z] [runtime-status] [25483] Resolved module firebase-admin {"declared":true,"installed":true,"version":"8.10.0","resolution":"/Users/bardiasuny/Coding/tippirose-complete/tippirose/tippirose-app/node_modules/firebase-admin/lib/index.js"}
[debug] [2020-05-28T20:01:47.121Z] [runtime-status] [25483] Resolved module firebase-functions {"declared":true,"installed":true,"version":"3.3.0","resolution":"/Users/bardiasuny/Coding/tippirose-complete/tippirose/tippirose-app/node_modules/firebase-functions/lib/index.js"}
[debug] [2020-05-28T20:01:47.122Z] [runtime-status] [25483] Resolved module firebase-functions {"declared":true,"installed":true,"version":"3.3.0","resolution":"/Users/bardiasuny/Coding/tippirose-complete/tippirose/tippirose-app/node_modules/firebase-functions/lib/index.js"}
[debug] [2020-05-28T20:01:47.591Z] [runtime-status] [25483] Trigger "app" has been found, beginning invocation!
[info] i  functions: Beginning execution of "app"
[debug] [2020-05-28T20:01:47.592Z] [runtime-status] [25483] triggerDefinition {"httpsTrigger":{},"name":"app","entryPoint":"app"}
[debug] [2020-05-28T20:01:47.592Z] [runtime-status] [25483] Running app in mode HTTPS
[debug] [2020-05-28T20:01:47.595Z] [runtime-status] [25483] Attempting to listen to socketPath: /var/folders/cm/d6y_44792854z1r87szwb0x80000gn/T/fire_emu_25483.sock
[debug] [2020-05-28T20:01:47.599Z] [functions] Runtime ready! Sending request!
[debug] [2020-05-28T20:01:47.606Z] [runtime-status] [25483] Ephemeral server handling GET request
[debug] [2020-05-28T20:01:47.613Z] [runtime-status] [25483] Ephemeral server survived.
[info] i  functions: Finished "app" in ~1s
[debug] [2020-05-28T20:01:47.614Z] [worker-app-e6b67db8-7d29-4e10-bada-075960c876e9]: IDLE
[debug] [2020-05-28T20:01:47.614Z] [work-queue] {"queueLength":0,"workRunningCount":0}
